<?xml version="1.0" encoding="UTF-8"?>
<!-- Generated by org.testng.reporters.JUnitReportReporter -->
<testsuite hostname="LIN19003755" failures="0" tests="1" name="com.tests.LoginPageTest" time="1.897" errors="0" timestamp="2023-08-28T17:27:29 IST" skipped="0">
  <testcase classname="com.tests.LoginPageTest" name="loginTest" time="1.897"/>
</testsuite> <!-- com.tests.LoginPageTest -->
